Command line:
   Satallite_isim_beh.exe
     -simmode  gui
     -simrunnum  0
     -socket  51276

Thu Jan 14 23:12:06 2021


 Elaboration Time: 0.296875 sec

 Current Memory Usage: 5659.03 Meg

 Total Signals          : 8
 Total Nets             : 1025
 Total Signal Drivers   : 2
 Total Blocks           : 5
 Total Primitive Blocks : 4
 Total Processes        : 2
 Total Traceable Variables  : 14
 Total Scalar Nets and Variables : 2020
In process Compression_Chip.vhd:84 
 

 Total Simulation Time: 0.375 sec

 Current Memory Usage: 5659.03 Meg

Thu Jan 14 23:12:31 2021

